<?xml version="1.0" encoding="UTF-8"?>
<coverage generated="1678812633182" clover="3.2.0">
  <project timestamp="1678812633182" name="All files">
    <metrics statements="35" coveredstatements="34" conditionals="14" coveredconditionals="14" methods="11" coveredmethods="10" elements="60" coveredelements="58" complexity="0" loc="35" ncloc="35" packages="2" files="4" classes="4"/>
    <package name="components">
      <metrics statements="14" coveredstatements="14" conditionals="8" coveredconditionals="8" methods="6" coveredmethods="6"/>
      <file name="Carousel.jsx" path="/Users/oliver/Documents/projects_js_ultimate/adopt_me/src/components/Carousel.jsx">
        <metrics statements="8" coveredstatements="8" conditionals="2" coveredconditionals="2" methods="3" coveredmethods="3"/>
        <line num="4" count="3" type="stmt"/>
        <line num="8" count="1" type="stmt"/>
        <line num="12" count="3" type="stmt"/>
        <line num="13" count="8" type="stmt"/>
        <line num="17" count="11" type="stmt"/>
        <line num="18" count="11" type="stmt"/>
        <line num="20" count="11" type="stmt"/>
        <line num="26" count="44" type="stmt"/>
      </file>
      <file name="Pet.jsx" path="/Users/oliver/Documents/projects_js_ultimate/adopt_me/src/components/Pet.jsx">
        <metrics statements="4" coveredstatements="4" conditionals="4" coveredconditionals="4" methods="1" coveredmethods="1"/>
        <line num="4" count="2" type="stmt"/>
        <line num="6" count="2" type="cond" truecount="4" falsecount="0"/>
        <line num="7" count="1" type="stmt"/>
        <line num="10" count="2" type="stmt"/>
      </file>
      <file name="Results.jsx" path="/Users/oliver/Documents/projects_js_ultimate/adopt_me/src/components/Results.jsx">
        <metrics statements="2" coveredstatements="2" conditionals="2" coveredconditionals="2" methods="2" coveredmethods="2"/>
        <line num="4" count="2" type="stmt"/>
        <line num="10" count="10" type="stmt"/>
      </file>
    </package>
    <package name="hooks">
      <metrics statements="21" coveredstatements="20" conditionals="6" coveredconditionals="6" methods="5" coveredmethods="4"/>
      <file name="useBreedList.js" path="/Users/oliver/Documents/projects_js_ultimate/adopt_me/src/hooks/useBreedList.js">
        <metrics statements="21" coveredstatements="20" conditionals="6" coveredconditionals="6" methods="5" coveredmethods="4"/>
        <line num="3" count="1" type="stmt"/>
        <line num="6" count="15" type="stmt"/>
        <line num="7" count="15" type="stmt"/>
        <line num="9" count="15" type="stmt"/>
        <line num="10" count="6" type="cond" truecount="2" falsecount="0"/>
        <line num="11" count="2" type="stmt"/>
        <line num="12" count="4" type="cond" truecount="2" falsecount="0"/>
        <line num="13" count="1" type="stmt"/>
        <line num="14" count="1" type="stmt"/>
        <line num="16" count="3" type="stmt"/>
        <line num="17" count="1" type="stmt"/>
        <line num="18" count="1" type="stmt"/>
        <line num="20" count="0" type="stmt"/>
        <line num="26" count="3" type="stmt"/>
        <line num="27" count="3" type="stmt"/>
        <line num="28" count="3" type="stmt"/>
        <line num="30" count="2" type="stmt"/>
        <line num="31" count="2" type="cond" truecount="2" falsecount="0"/>
        <line num="32" count="2" type="stmt"/>
        <line num="33" count="2" type="stmt"/>
        <line num="36" count="15" type="stmt"/>
      </file>
    </package>
  </project>
</coverage>
