{"/Users/oliver/Documents/js_ultimate/adopt_me/src/components/Carousel.jsx": {"path":"/Users/oliver/Documents/js_ultimate/adopt_me/src/components/Carousel.jsx","statementMap":{"0":{"start":{"line":4,"column":10},"end":{"line":6,"column":3}},"1":{"start":{"line":8,"column":24},"end":{"line":10,"column":3}},"2":{"start":{"line":12,"column":21},"end":{"line":14,"column":3}},"3":{"start":{"line":13,"column":4},"end":{"line":13,"column":59}},"4":{"start":{"line":17,"column":23},"end":{"line":17,"column":33}},"5":{"start":{"line":18,"column":23},"end":{"line":18,"column":33}},"6":{"start":{"line":20,"column":4},"end":{"line":37,"column":6}},"7":{"start":{"line":25,"column":12},"end":{"line":33,"column":14}}},"fnMap":{"0":{"name":"(anonymous_0)","decl":{"start":{"line":12,"column":21},"end":{"line":12,"column":22}},"loc":{"start":{"line":12,"column":32},"end":{"line":14,"column":3}},"line":12},"1":{"name":"(anonymous_1)","decl":{"start":{"line":16,"column":2},"end":{"line":16,"column":3}},"loc":{"start":{"line":16,"column":11},"end":{"line":38,"column":3}},"line":16},"2":{"name":"(anonymous_2)","decl":{"start":{"line":24,"column":22},"end":{"line":24,"column":23}},"loc":{"start":{"line":25,"column":12},"end":{"line":33,"column":14}},"line":25}},"branchMap":{"0":{"loc":{"start":{"line":29,"column":25},"end":{"line":29,"column":55}},"type":"cond-expr","locations":[{"start":{"line":29,"column":42},"end":{"line":29,"column":50}},{"start":{"line":29,"column":53},"end":{"line":29,"column":55}}],"line":29}},"s":{"0":3,"1":1,"2":3,"3":8,"4":11,"5":11,"6":11,"7":44},"f":{"0":8,"1":11,"2":44},"b":{"0":[11,33]},"_coverageSchema":"1a1c01bbd47fc00a2c39e90264f33305004495a9","hash":"15b62c93ad0c76608632fc1a82f277cc509fd3d6"}
,"/Users/oliver/Documents/js_ultimate/adopt_me/src/components/Pet.jsx": {"path":"/Users/oliver/Documents/js_ultimate/adopt_me/src/components/Pet.jsx","statementMap":{"0":{"start":{"line":18,"column":15},"end":{"line":18,"column":62}},"1":{"start":{"line":23,"column":4},"end":{"line":25,"column":5}},"2":{"start":{"line":24,"column":8},"end":{"line":24,"column":25}},"3":{"start":{"line":27,"column":4},"end":{"line":37,"column":6}}},"fnMap":{"0":{"name":"Pet","decl":{"start":{"line":3,"column":9},"end":{"line":3,"column":12}},"loc":{"start":{"line":3,"column":58},"end":{"line":38,"column":1}},"line":3}},"branchMap":{"0":{"loc":{"start":{"line":23,"column":4},"end":{"line":25,"column":5}},"type":"if","locations":[{"start":{"line":23,"column":4},"end":{"line":25,"column":5}},{"start":{},"end":{}}],"line":23},"1":{"loc":{"start":{"line":23,"column":8},"end":{"line":23,"column":31}},"type":"binary-expr","locations":[{"start":{"line":23,"column":8},"end":{"line":23,"column":14}},{"start":{"line":23,"column":18},"end":{"line":23,"column":31}}],"line":23}},"s":{"0":2,"1":2,"2":1,"3":2},"f":{"0":2},"b":{"0":[1,1],"1":[2,1]},"_coverageSchema":"1a1c01bbd47fc00a2c39e90264f33305004495a9","hash":"c000588ee3f6f88829d78b39763906ad65a0b1ec"}
,"/Users/oliver/Documents/js_ultimate/adopt_me/src/components/Results.jsx": {"path":"/Users/oliver/Documents/js_ultimate/adopt_me/src/components/Results.jsx","statementMap":{"0":{"start":{"line":4,"column":2},"end":{"line":22,"column":4}},"1":{"start":{"line":10,"column":10},"end":{"line":18,"column":12}}},"fnMap":{"0":{"name":"Results","decl":{"start":{"line":3,"column":9},"end":{"line":3,"column":16}},"loc":{"start":{"line":3,"column":27},"end":{"line":23,"column":1}},"line":3},"1":{"name":"(anonymous_1)","decl":{"start":{"line":9,"column":17},"end":{"line":9,"column":18}},"loc":{"start":{"line":10,"column":10},"end":{"line":18,"column":12}},"line":10}},"branchMap":{"0":{"loc":{"start":{"line":6,"column":7},"end":{"line":20,"column":7}},"type":"cond-expr","locations":[{"start":{"line":7,"column":8},"end":{"line":7,"column":32}},{"start":{"line":9,"column":8},"end":{"line":19,"column":10}}],"line":6}},"s":{"0":2,"1":10},"f":{"0":2,"1":10},"b":{"0":[1,1]},"_coverageSchema":"1a1c01bbd47fc00a2c39e90264f33305004495a9","hash":"b1f2e09f5faa6b89379ec92e8927b7615040ba12"}
,"/Users/oliver/Documents/js_ultimate/adopt_me/src/hooks/useBreedList.js": {"path":"/Users/oliver/Documents/js_ultimate/adopt_me/src/hooks/useBreedList.js","statementMap":{"0":{"start":{"line":3,"column":19},"end":{"line":3,"column":21}},"1":{"start":{"line":6,"column":38},"end":{"line":6,"column":50}},"2":{"start":{"line":7,"column":32},"end":{"line":7,"column":52}},"3":{"start":{"line":9,"column":4},"end":{"line":22,"column":17}},"4":{"start":{"line":10,"column":8},"end":{"line":21,"column":9}},"5":{"start":{"line":11,"column":12},"end":{"line":11,"column":29}},"6":{"start":{"line":12,"column":15},"end":{"line":21,"column":9}},"7":{"start":{"line":13,"column":12},"end":{"line":13,"column":45}},"8":{"start":{"line":14,"column":12},"end":{"line":14,"column":32}},"9":{"start":{"line":16,"column":12},"end":{"line":20,"column":15}},"10":{"start":{"line":17,"column":16},"end":{"line":17,"column":33}},"11":{"start":{"line":18,"column":14},"end":{"line":18,"column":36}},"12":{"start":{"line":25,"column":8},"end":{"line":25,"column":25}},"13":{"start":{"line":26,"column":8},"end":{"line":26,"column":29}},"14":{"start":{"line":27,"column":25},"end":{"line":29,"column":9}},"15":{"start":{"line":31,"column":21},"end":{"line":31,"column":42}},"16":{"start":{"line":32,"column":8},"end":{"line":32,"column":47}},"17":{"start":{"line":33,"column":8},"end":{"line":33,"column":41}},"18":{"start":{"line":34,"column":8},"end":{"line":34,"column":28}},"19":{"start":{"line":37,"column":4},"end":{"line":37,"column":31}}},"fnMap":{"0":{"name":"useBreedList","decl":{"start":{"line":5,"column":9},"end":{"line":5,"column":21}},"loc":{"start":{"line":5,"column":30},"end":{"line":38,"column":1}},"line":5},"1":{"name":"(anonymous_1)","decl":{"start":{"line":9,"column":14},"end":{"line":9,"column":15}},"loc":{"start":{"line":9,"column":20},"end":{"line":22,"column":5}},"line":9},"2":{"name":"(anonymous_2)","decl":{"start":{"line":16,"column":37},"end":{"line":16,"column":38}},"loc":{"start":{"line":16,"column":48},"end":{"line":20,"column":13}},"line":16},"3":{"name":"requestBreedList","decl":{"start":{"line":24,"column":19},"end":{"line":24,"column":35}},"loc":{"start":{"line":24,"column":38},"end":{"line":35,"column":5}},"line":24}},"branchMap":{"0":{"loc":{"start":{"line":10,"column":8},"end":{"line":21,"column":9}},"type":"if","locations":[{"start":{"line":10,"column":8},"end":{"line":21,"column":9}},{"start":{"line":12,"column":15},"end":{"line":21,"column":9}}],"line":10},"1":{"loc":{"start":{"line":12,"column":15},"end":{"line":21,"column":9}},"type":"if","locations":[{"start":{"line":12,"column":15},"end":{"line":21,"column":9}},{"start":{"line":15,"column":15},"end":{"line":21,"column":9}}],"line":12},"2":{"loc":{"start":{"line":32,"column":29},"end":{"line":32,"column":46}},"type":"binary-expr","locations":[{"start":{"line":32,"column":29},"end":{"line":32,"column":40}},{"start":{"line":32,"column":44},"end":{"line":32,"column":46}}],"line":32}},"s":{"0":1,"1":15,"2":15,"3":15,"4":6,"5":2,"6":4,"7":1,"8":1,"9":3,"10":1,"11":1,"12":3,"13":3,"14":3,"15":2,"16":2,"17":2,"18":2,"19":15},"f":{"0":15,"1":6,"2":1,"3":3},"b":{"0":[2,4],"1":[1,3],"2":[2,1]},"_coverageSchema":"1a1c01bbd47fc00a2c39e90264f33305004495a9","hash":"4f8d60dad9bb1b0d5ca7084af2ecc19ea5367fce"}
}
