{"/Users/oliver/Documents/projects_js_ultimate/adopt_me/src/components/Carousel.jsx": {"path":"/Users/oliver/Documents/projects_js_ultimate/adopt_me/src/components/Carousel.jsx","statementMap":{"0":{"start":{"line":4,"column":12},"end":{"line":6,"column":5}},"1":{"start":{"line":8,"column":26},"end":{"line":10,"column":5}},"2":{"start":{"line":12,"column":23},"end":{"line":14,"column":5}},"3":{"start":{"line":13,"column":8},"end":{"line":13,"column":63}},"4":{"start":{"line":17,"column":27},"end":{"line":17,"column":37}},"5":{"start":{"line":18,"column":27},"end":{"line":18,"column":37}},"6":{"start":{"line":20,"column":8},"end":{"line":38,"column":10}},"7":{"start":{"line":26,"column":24},"end":{"line":34,"column":26}}},"fnMap":{"0":{"name":"(anonymous_0)","decl":{"start":{"line":12,"column":23},"end":{"line":12,"column":24}},"loc":{"start":{"line":12,"column":34},"end":{"line":14,"column":5}},"line":12},"1":{"name":"(anonymous_1)","decl":{"start":{"line":16,"column":4},"end":{"line":16,"column":5}},"loc":{"start":{"line":16,"column":13},"end":{"line":39,"column":5}},"line":16},"2":{"name":"(anonymous_2)","decl":{"start":{"line":24,"column":32},"end":{"line":24,"column":33}},"loc":{"start":{"line":26,"column":24},"end":{"line":34,"column":26}},"line":26}},"branchMap":{"0":{"loc":{"start":{"line":30,"column":39},"end":{"line":30,"column":69}},"type":"cond-expr","locations":[{"start":{"line":30,"column":56},"end":{"line":30,"column":64}},{"start":{"line":30,"column":67},"end":{"line":30,"column":69}}],"line":30}},"s":{"0":3,"1":1,"2":3,"3":8,"4":11,"5":11,"6":11,"7":44},"f":{"0":8,"1":11,"2":44},"b":{"0":[11,33]},"_coverageSchema":"1a1c01bbd47fc00a2c39e90264f33305004495a9","hash":"181dca17ade1e54b3934c50864e38c7a5e528bf3"}
,"/Users/oliver/Documents/projects_js_ultimate/adopt_me/src/components/Pet.jsx": {"path":"/Users/oliver/Documents/projects_js_ultimate/adopt_me/src/components/Pet.jsx","statementMap":{"0":{"start":{"line":4,"column":15},"end":{"line":4,"column":62}},"1":{"start":{"line":6,"column":4},"end":{"line":8,"column":5}},"2":{"start":{"line":7,"column":8},"end":{"line":7,"column":25}},"3":{"start":{"line":10,"column":4},"end":{"line":20,"column":6}}},"fnMap":{"0":{"name":"Pet","decl":{"start":{"line":3,"column":9},"end":{"line":3,"column":12}},"loc":{"start":{"line":3,"column":60},"end":{"line":21,"column":1}},"line":3}},"branchMap":{"0":{"loc":{"start":{"line":6,"column":4},"end":{"line":8,"column":5}},"type":"if","locations":[{"start":{"line":6,"column":4},"end":{"line":8,"column":5}},{"start":{},"end":{}}],"line":6},"1":{"loc":{"start":{"line":6,"column":8},"end":{"line":6,"column":31}},"type":"binary-expr","locations":[{"start":{"line":6,"column":8},"end":{"line":6,"column":14}},{"start":{"line":6,"column":18},"end":{"line":6,"column":31}}],"line":6}},"s":{"0":2,"1":2,"2":1,"3":2},"f":{"0":2},"b":{"0":[1,1],"1":[2,1]},"_coverageSchema":"1a1c01bbd47fc00a2c39e90264f33305004495a9","hash":"a0971a21e3d2563964ea02535ed4b6ccae39fdc4"}
,"/Users/oliver/Documents/projects_js_ultimate/adopt_me/src/components/Results.jsx": {"path":"/Users/oliver/Documents/projects_js_ultimate/adopt_me/src/components/Results.jsx","statementMap":{"0":{"start":{"line":4,"column":4},"end":{"line":22,"column":6}},"1":{"start":{"line":10,"column":20},"end":{"line":18,"column":22}}},"fnMap":{"0":{"name":"Results","decl":{"start":{"line":3,"column":9},"end":{"line":3,"column":16}},"loc":{"start":{"line":3,"column":27},"end":{"line":23,"column":1}},"line":3},"1":{"name":"(anonymous_1)","decl":{"start":{"line":9,"column":25},"end":{"line":9,"column":26}},"loc":{"start":{"line":10,"column":20},"end":{"line":18,"column":22}},"line":10}},"branchMap":{"0":{"loc":{"start":{"line":6,"column":13},"end":{"line":20,"column":13}},"type":"cond-expr","locations":[{"start":{"line":7,"column":16},"end":{"line":7,"column":40}},{"start":{"line":9,"column":16},"end":{"line":19,"column":18}}],"line":6}},"s":{"0":2,"1":10},"f":{"0":2,"1":10},"b":{"0":[1,1]},"_coverageSchema":"1a1c01bbd47fc00a2c39e90264f33305004495a9","hash":"4b009b4c0650bfedd738864f0a956193b1eb1c74"}
,"/Users/oliver/Documents/projects_js_ultimate/adopt_me/src/hooks/useBreedList.js": {"path":"/Users/oliver/Documents/projects_js_ultimate/adopt_me/src/hooks/useBreedList.js","statementMap":{"0":{"start":{"line":3,"column":19},"end":{"line":3,"column":21}},"1":{"start":{"line":6,"column":38},"end":{"line":6,"column":50}},"2":{"start":{"line":7,"column":32},"end":{"line":7,"column":52}},"3":{"start":{"line":9,"column":4},"end":{"line":23,"column":17}},"4":{"start":{"line":10,"column":8},"end":{"line":22,"column":9}},"5":{"start":{"line":11,"column":12},"end":{"line":11,"column":29}},"6":{"start":{"line":12,"column":15},"end":{"line":22,"column":9}},"7":{"start":{"line":13,"column":12},"end":{"line":13,"column":45}},"8":{"start":{"line":14,"column":12},"end":{"line":14,"column":32}},"9":{"start":{"line":16,"column":12},"end":{"line":21,"column":14}},"10":{"start":{"line":17,"column":16},"end":{"line":17,"column":33}},"11":{"start":{"line":18,"column":16},"end":{"line":18,"column":38}},"12":{"start":{"line":20,"column":16},"end":{"line":20,"column":78}},"13":{"start":{"line":26,"column":8},"end":{"line":26,"column":25}},"14":{"start":{"line":27,"column":8},"end":{"line":27,"column":29}},"15":{"start":{"line":28,"column":25},"end":{"line":28,"column":91}},"16":{"start":{"line":30,"column":21},"end":{"line":30,"column":42}},"17":{"start":{"line":31,"column":8},"end":{"line":31,"column":47}},"18":{"start":{"line":32,"column":8},"end":{"line":32,"column":41}},"19":{"start":{"line":33,"column":8},"end":{"line":33,"column":28}},"20":{"start":{"line":36,"column":4},"end":{"line":36,"column":31}}},"fnMap":{"0":{"name":"useBreedList","decl":{"start":{"line":5,"column":9},"end":{"line":5,"column":21}},"loc":{"start":{"line":5,"column":30},"end":{"line":37,"column":1}},"line":5},"1":{"name":"(anonymous_1)","decl":{"start":{"line":9,"column":14},"end":{"line":9,"column":15}},"loc":{"start":{"line":9,"column":20},"end":{"line":23,"column":5}},"line":9},"2":{"name":"(anonymous_2)","decl":{"start":{"line":16,"column":37},"end":{"line":16,"column":38}},"loc":{"start":{"line":16,"column":43},"end":{"line":19,"column":13}},"line":16},"3":{"name":"(anonymous_3)","decl":{"start":{"line":19,"column":21},"end":{"line":19,"column":22}},"loc":{"start":{"line":19,"column":32},"end":{"line":21,"column":13}},"line":19},"4":{"name":"requestBreedList","decl":{"start":{"line":25,"column":19},"end":{"line":25,"column":35}},"loc":{"start":{"line":25,"column":38},"end":{"line":34,"column":5}},"line":25}},"branchMap":{"0":{"loc":{"start":{"line":10,"column":8},"end":{"line":22,"column":9}},"type":"if","locations":[{"start":{"line":10,"column":8},"end":{"line":22,"column":9}},{"start":{"line":12,"column":15},"end":{"line":22,"column":9}}],"line":10},"1":{"loc":{"start":{"line":12,"column":15},"end":{"line":22,"column":9}},"type":"if","locations":[{"start":{"line":12,"column":15},"end":{"line":22,"column":9}},{"start":{"line":15,"column":15},"end":{"line":22,"column":9}}],"line":12},"2":{"loc":{"start":{"line":31,"column":29},"end":{"line":31,"column":46}},"type":"binary-expr","locations":[{"start":{"line":31,"column":29},"end":{"line":31,"column":40}},{"start":{"line":31,"column":44},"end":{"line":31,"column":46}}],"line":31}},"s":{"0":1,"1":15,"2":15,"3":15,"4":6,"5":2,"6":4,"7":1,"8":1,"9":3,"10":1,"11":1,"12":0,"13":3,"14":3,"15":3,"16":2,"17":2,"18":2,"19":2,"20":15},"f":{"0":15,"1":6,"2":1,"3":0,"4":3},"b":{"0":[2,4],"1":[1,3],"2":[2,1]},"_coverageSchema":"1a1c01bbd47fc00a2c39e90264f33305004495a9","hash":"7e4688408557cee5090f6b90f81208e7606165be"}
}
