TN:
SF:src/components/Carousel.jsx
FN:12,(anonymous_0)
FN:16,(anonymous_1)
FN:24,(anonymous_2)
FNF:3
FNH:3
FNDA:8,(anonymous_0)
FNDA:11,(anonymous_1)
FNDA:44,(anonymous_2)
DA:4,3
DA:8,1
DA:12,3
DA:13,8
DA:17,11
DA:18,11
DA:20,11
DA:25,44
LF:8
LH:8
BRDA:29,0,0,11
BRDA:29,0,1,33
BRF:2
BRH:2
end_of_record
TN:
SF:src/components/Pet.jsx
FN:3,Pet
FNF:1
FNH:1
FNDA:2,Pet
DA:18,2
DA:23,2
DA:24,1
DA:27,2
LF:4
LH:4
BRDA:23,0,0,1
BRDA:23,0,1,1
BRDA:23,1,0,2
BRDA:23,1,1,1
BRF:4
BRH:4
end_of_record
TN:
SF:src/components/Results.jsx
FN:3,Results
FN:9,(anonymous_1)
FNF:2
FNH:2
FNDA:2,Results
FNDA:10,(anonymous_1)
DA:4,2
DA:10,10
LF:2
LH:2
BRDA:6,0,0,1
BRDA:6,0,1,1
BRF:2
BRH:2
end_of_record
TN:
SF:src/hooks/useBreedList.js
FN:5,useBreedList
FN:9,(anonymous_1)
FN:16,(anonymous_2)
FN:24,requestBreedList
FNF:4
FNH:4
FNDA:15,useBreedList
FNDA:6,(anonymous_1)
FNDA:1,(anonymous_2)
FNDA:3,requestBreedList
DA:3,1
DA:6,15
DA:7,15
DA:9,15
DA:10,6
DA:11,2
DA:12,4
DA:13,1
DA:14,1
DA:16,3
DA:17,1
DA:18,1
DA:25,3
DA:26,3
DA:27,3
DA:31,2
DA:32,2
DA:33,2
DA:34,2
DA:37,15
LF:20
LH:20
BRDA:10,0,0,2
BRDA:10,0,1,4
BRDA:12,1,0,1
BRDA:12,1,1,3
BRDA:32,2,0,2
BRDA:32,2,1,1
BRF:6
BRH:6
end_of_record
